# JRE version: OpenJDK Runtime Environment AdoptOpenJDK (11.0.9.1+1) (build 11.0.9.1+1)
# Java VM: OpenJDK 64-Bit Server VM AdoptOpenJDK (11.0.9.1+1, mixed mode, tiered, compressed oops, g1 gc, bsd-amd64)
Heap:
 garbage-first heap   total 131072K, used 25211K [0x0000000780000000, 0x0000000800000000)
  region size 1024K, 9 young (9216K), 5 survivors (5120K)
 Metaspace       used 29218K, capacity 30259K, committed 30592K, reserved 1075200K
  class space    used 3698K, capacity 4149K, committed 4224K, reserved 1048576K
GC Heap History (8 events):
Event: 0.670 GC heap before
{Heap before GC invocations=0 (full 0):
 garbage-first heap   total 131072K, used 13312K [0x0000000780000000, 0x0000000800000000)
  region size 1024K, 14 young (14336K), 0 survivors (0K)
 Metaspace       used 8950K, capacity 9201K, committed 9472K, reserved 1058816K
  class space    used 889K, capacity 986K, committed 1024K, reserved 1048576K
}
Event: 0.674 GC heap after
{Heap after GC invocations=1 (full 0):
 garbage-first heap   total 131072K, used 3320K [0x0000000780000000, 0x0000000800000000)
  region size 1024K, 2 young (2048K), 2 survivors (2048K)
 Metaspace       used 8950K, capacity 9201K, committed 9472K, reserved 1058816K
  class space    used 889K, capacity 986K, committed 1024K, reserved 1048576K
}
Event: 1.002 GC heap before
{Heap before GC invocations=1 (full 0):
 garbage-first heap   total 131072K, used 8440K [0x0000000780000000, 0x0000000800000000)
  region size 1024K, 8 young (8192K), 2 survivors (2048K)
 Metaspace       used 10475K, capacity 10810K, committed 11008K, reserved 1058816K
  class space    used 1039K, capacity 1182K, committed 1280K, reserved 1048576K
}
Event: 1.009 GC heap after
{Heap after GC invocations=2 (full 0):
 garbage-first heap   total 131072K, used 3646K [0x0000000780000000, 0x0000000800000000)
  region size 1024K, 1 young (1024K), 1 survivors (1024K)
 Metaspace       used 10475K, capacity 10810K, committed 11008K, reserved 1058816K
  class space    used 1039K, capacity 1182K, committed 1280K, reserved 1048576K
}
Event: 1.955 GC heap before
{Heap before GC invocations=2 (full 0):
 garbage-first heap   total 131072K, used 25150K [0x0000000780000000, 0x0000000800000000)
  region size 1024K, 24 young (24576K), 1 survivors (1024K)
 Metaspace       used 20557K, capacity 21107K, committed 21248K, reserved 1069056K
  class space    used 2282K, capacity 2536K, committed 2560K, reserved 1048576K
}
Event: 1.960 GC heap after
{Heap after GC invocations=3 (full 0):
 garbage-first heap   total 131072K, used 7239K [0x0000000780000000, 0x0000000800000000)
  region size 1024K, 4 young (4096K), 4 survivors (4096K)
 Metaspace       used 20557K, capacity 21107K, committed 21248K, reserved 1069056K
  class space    used 2282K, capacity 2536K, committed 2560K, reserved 1048576K
}
Event: 10.113 GC heap before
{Heap before GC invocations=4 (full 0):
 garbage-first heap   total 131072K, used 41031K [0x0000000780000000, 0x0000000800000000)
  region size 1024K, 36 young (36864K), 4 survivors (4096K)
 Metaspace       used 28435K, capacity 29465K, committed 29696K, reserved 1075200K
  class space    used 3625K, capacity 4039K, committed 4096K, reserved 1048576K
}
Event: 10.121 GC heap after
{Heap after GC invocations=5 (full 0):
 garbage-first heap   total 131072K, used 13947K [0x0000000780000000, 0x0000000800000000)
  region size 1024K, 5 young (5120K), 5 survivors (5120K)
 Metaspace       used 28435K, capacity 29465K, committed 29696K, reserved 1075200K
  class space    used 3625K, capacity 4039K, committed 4096K, reserved 1048576K
}

